
ERROR: InvalidArgument
at /Users/laszlo/dev/ibn-ixp-manager/app/Console/Commands/MailingList/Init.php:87:34
Argument 1 of Illuminate\Support\Collection::add expects never, but non-empty-lowercase-string provided (see https://psalm.dev/004)
                $addresses->add( $address );

ERROR: InvalidArgument
at /Users/laszlo/dev/ibn-ixp-manager/app/Console/Commands/Router/GenerateConfiguration.php:73:14
Argument 1 of echo expects string, but Illuminate\Contracts\View\View provided (see https://psalm.dev/004)
        echo ( new RouterConfigurationGenerator( $router ) )->render();

ERROR: UndefinedConstant
at /Users/laszlo/dev/ibn-ixp-manager/app/Console/Commands/Router/GenerateConfiguration.php:77:35
Const LARAVEL_START is not defined (see https://psalm.dev/020)
                microtime(true) - LARAVEL_START )

ERROR: UndefinedVariable
at /Users/laszlo/dev/ibn-ixp-manager/app/Console/Commands/User/Create.php:145:47
Cannot find referenced variable $password (see https://psalm.dev/024)
        $user->password         = Hash::make( $password );

ERROR: UndefinedVariable
at /Users/laszlo/dev/ibn-ixp-manager/app/Console/Commands/User/Create.php:146:35
Cannot find referenced variable $name (see https://psalm.dev/024)
        $user->name             = $name;

ERROR: UndefinedVariable
at /Users/laszlo/dev/ibn-ixp-manager/app/Console/Commands/User/Create.php:147:35
Cannot find referenced variable $mobile (see https://psalm.dev/024)
        $user->authorisedMobile = $mobile;

ERROR: UndefinedVariable
at /Users/laszlo/dev/ibn-ixp-manager/app/Console/Commands/User/Create.php:148:47
Cannot find referenced variable $username (see https://psalm.dev/024)
        $user->username         = strtolower( $username );

ERROR: UndefinedVariable
at /Users/laszlo/dev/ibn-ixp-manager/app/Console/Commands/User/Create.php:149:47
Cannot find referenced variable $email (see https://psalm.dev/024)
        $user->email            = strtolower( $email );

ERROR: UndefinedVariable
at /Users/laszlo/dev/ibn-ixp-manager/app/Console/Commands/User/Create.php:151:35
Cannot find referenced variable $priv (see https://psalm.dev/024)
        $user->privs            = $priv;

ERROR: UndefinedVariable
at /Users/laszlo/dev/ibn-ixp-manager/app/Console/Commands/User/Create.php:152:35
Cannot find referenced variable $custid (see https://psalm.dev/024)
        $user->custid           = $custid;

ERROR: UndefinedVariable
at /Users/laszlo/dev/ibn-ixp-manager/app/Console/Commands/User/Create.php:159:31
Cannot find referenced variable $priv (see https://psalm.dev/024)
        $c2u->privs         = $priv;

ERROR: UndefinedInterfaceMethod
at /Users/laszlo/dev/ibn-ixp-manager/app/Http/Controllers/Api/V4/Customer/Note/CustomerNotesController.php:85:16
Method Illuminate\Contracts\Auth\Authenticatable::save does not exist (see https://psalm.dev/181)
        $user->save();

ERROR: UndefinedInterfaceMethod
at /Users/laszlo/dev/ibn-ixp-manager/app/Http/Controllers/Api/V4/Customer/Note/CustomerNotesController.php:116:16
Method Illuminate\Contracts\Auth\Authenticatable::save does not exist (see https://psalm.dev/181)
        $user->save();

ERROR: UndefinedInterfaceMethod
at /Users/laszlo/dev/ibn-ixp-manager/app/Http/Controllers/Api/V4/Customer/Note/CustomerNotesController.php:135:31
Method Illuminate\Contracts\Auth\Authenticatable::isSuperUser does not exist (see https://psalm.dev/181)
        if( !Auth::getUser()->isSuperUser() ) {

ERROR: UndefinedInterfaceMethod
at /Users/laszlo/dev/ibn-ixp-manager/app/Http/Controllers/Api/V4/Customer/Note/CustomerNotesController.php:175:18
Method Illuminate\Contracts\Auth\Authenticatable::isSuperUser does not exist (see https://psalm.dev/181)
        if( !$u->isSuperUser() ) {

ERROR: UndefinedInterfaceMethod
at /Users/laszlo/dev/ibn-ixp-manager/app/Http/Controllers/Api/V4/Customer/Note/CustomerNotesController.php:183:13
Method Illuminate\Contracts\Auth\Authenticatable::save does not exist (see https://psalm.dev/181)
        $u->save();

ERROR: UndefinedInterfaceMethod
at /Users/laszlo/dev/ibn-ixp-manager/app/Http/Controllers/Api/V4/Customer/Note/CustomerNotesController.php:245:16
Method Illuminate\Contracts\Auth\Authenticatable::save does not exist (see https://psalm.dev/181)
        $user->save();

ERROR: UndefinedInterfaceMethod
at /Users/laszlo/dev/ibn-ixp-manager/app/Http/Controllers/Api/V4/Layer2AddressController.php:74:31
Method Illuminate\Contracts\Auth\Authenticatable::isSuperUser does not exist (see https://psalm.dev/181)
        if( !Auth::getUser()->isSuperUser() ) {

ERROR: UndefinedInterfaceMethod
at /Users/laszlo/dev/ibn-ixp-manager/app/Http/Controllers/Api/V4/Layer2AddressController.php:131:31
Method Illuminate\Contracts\Auth\Authenticatable::isSuperUser does not exist (see https://psalm.dev/181)
        if( !Auth::getUser()->isSuperUser() ) {

ERROR: InvalidArgument
at /Users/laszlo/dev/ibn-ixp-manager/app/Http/Controllers/Api/V4/MailingListController.php:146:30
Argument 1 of Illuminate\Support\Collection::add expects never, but lowercase-string provided (see https://psalm.dev/004)
            $addresses->add( strtolower( trim( $a ) ) );

ERROR: UndefinedConstant
at /Users/laszlo/dev/ibn-ixp-manager/app/Http/Controllers/Api/V4/Provisioner/YamlController.php:73:46
Const YAML_UTF8_ENCODING is not defined (see https://psalm.dev/020)
                $output = yaml_emit( $array, YAML_UTF8_ENCODING );

ERROR: InvalidPropertyFetch
at /Users/laszlo/dev/ibn-ixp-manager/app/Http/Controllers/Api/V4/Provisioner/YamlController.php:446:55
Cannot fetch property on non-object $switchSideA of type true (see https://psalm.dev/029)
            $entry['switchsidea']  	=  $switchSideA ? $switchSideA->name : null;

ERROR: InvalidPropertyFetch
at /Users/laszlo/dev/ibn-ixp-manager/app/Http/Controllers/Api/V4/Provisioner/YamlController.php:447:55
Cannot fetch property on non-object $switchSideB of type true (see https://psalm.dev/029)
            $entry['switchsideb']  	=  $switchSideB ? $switchSideB->name : null;

ERROR: UndefinedConstant
at /Users/laszlo/dev/ibn-ixp-manager/app/Http/Controllers/Api/V4/PublicController.php:72:27
Const APPLICATION_VERSION is not defined (see https://psalm.dev/020)
            'version'  => APPLICATION_VERSION,

ERROR: UndefinedConstant
at /Users/laszlo/dev/ibn-ixp-manager/app/Http/Controllers/Api/V4/PublicController.php:73:27
Const APPLICATION_VERDATE is not defined (see https://psalm.dev/020)
            'verdate'  => APPLICATION_VERDATE,

ERROR: UndefinedConstant
at /Users/laszlo/dev/ibn-ixp-manager/app/Http/Controllers/Api/V4/RouterController.php:71:37
Const LARAVEL_START is not defined (see https://psalm.dev/020)
                microtime( true ) - LARAVEL_START )

ERROR: UndefinedConstant
at /Users/laszlo/dev/ibn-ixp-manager/app/Http/Controllers/Api/V4/SflowReceiverController.php:143:43
Const APPLICATION_VERSION is not defined (see https://psalm.dev/020)
        $array['ixpmanager_version']    = APPLICATION_VERSION;

ERROR: UndefinedConstant
at /Users/laszlo/dev/ibn-ixp-manager/app/Http/Controllers/Api/V4/SflowReceiverController.php:147:47
Const YAML_UTF8_ENCODING is not defined (see https://psalm.dev/020)
                $output = yaml_emit ( $array, YAML_UTF8_ENCODING );

ERROR: InvalidPropertyFetch
at /Users/laszlo/dev/ibn-ixp-manager/app/Http/Controllers/Api/V4/SwitchController.php:148:39
Cannot fetch property on non-object $switchA of type true (see https://psalm.dev/029)
            $switchAName = $switchA ? $switchA->name : 'none';

ERROR: InvalidPropertyFetch
at /Users/laszlo/dev/ibn-ixp-manager/app/Http/Controllers/Api/V4/SwitchController.php:150:39
Cannot fetch property on non-object $switchB of type true (see https://psalm.dev/029)
            $switchBName = $switchB ? $switchB->name : 'none';

ERROR: UndefinedInterfaceMethod
at /Users/laszlo/dev/ibn-ixp-manager/app/Http/Controllers/ApiKeyController.php:120:54
Method Illuminate\Contracts\Auth\Authenticatable::privs does not exist (see https://psalm.dev/181)
            switch( Auth::check() ? Auth::getUser()->privs() : User::AUTH_PUBLIC ) {

ERROR: UndefinedInterfaceMethod
at /Users/laszlo/dev/ibn-ixp-manager/app/Http/Controllers/Auth/SwitchUserController.php:67:31
Method Illuminate\Contracts\Auth\Authenticatable::isSuperUser does not exist (see https://psalm.dev/181)
        if( !Auth::getUser()->isSuperUser() ) {

ERROR: UndefinedInterfaceMethod
at /Users/laszlo/dev/ibn-ixp-manager/app/Http/Controllers/Contact/ContactController.php:101:43
Method Illuminate\Contracts\Auth\Authenticatable::privs does not exist (see https://psalm.dev/181)
        switch( $privs = Auth::getUser()->privs() ) {

ERROR: UndefinedInterfaceMethod
at /Users/laszlo/dev/ibn-ixp-manager/app/Http/Controllers/Contact/ContactController.php:191:41
Method Illuminate\Contracts\Auth\Authenticatable::isSuperUser does not exist (see https://psalm.dev/181)
        $isSuperUser = Auth::getUser()->isSuperUser();

ERROR: UndefinedInterfaceMethod
at /Users/laszlo/dev/ibn-ixp-manager/app/Http/Controllers/Contact/ContactController.php:276:102
Method Illuminate\Contracts\Auth\Authenticatable::isSuperUser does not exist (see https://psalm.dev/181)
        if( Auth::getUser()->custid !== (int)$this->data[ 'item' ][ 'custid' ]  && !Auth::getUser()->isSuperUser() ) {

ERROR: UndefinedInterfaceMethod
at /Users/laszlo/dev/ibn-ixp-manager/app/Http/Controllers/Contact/ContactController.php:340:36
Method Illuminate\Contracts\Auth\Authenticatable::isSuperUser does not exist (see https://psalm.dev/181)
        $custid = Auth::getUser()->isSuperUser() ? $r->custid : Auth::getUser()->custid;

ERROR: UndefinedInterfaceMethod
at /Users/laszlo/dev/ibn-ixp-manager/app/Http/Controllers/Contact/ContactController.php:373:90
Method Illuminate\Contracts\Auth\Authenticatable::isSuperUser does not exist (see https://psalm.dev/181)
        if( Auth::getUser()->custid !== $this->object->customer->id && !Auth::getUser()->isSuperUser() ){

ERROR: UndefinedInterfaceMethod
at /Users/laszlo/dev/ibn-ixp-manager/app/Http/Controllers/Contact/ContactController.php:424:30
Method Illuminate\Contracts\Auth\Authenticatable::isSuperUser does not exist (see https://psalm.dev/181)
        if( Auth::getUser()->isSuperUser() ) {

ERROR: UndefinedInterfaceMethod
at /Users/laszlo/dev/ibn-ixp-manager/app/Http/Controllers/Contact/ContactController.php:461:31
Method Illuminate\Contracts\Auth\Authenticatable::isSuperUser does not exist (see https://psalm.dev/181)
        if( !Auth::getUser()->isSuperUser() ) {

ERROR: UndefinedInterfaceMethod
at /Users/laszlo/dev/ibn-ixp-manager/app/Http/Controllers/Contact/ContactController.php:489:30
Method Illuminate\Contracts\Auth\Authenticatable::isSuperUser does not exist (see https://psalm.dev/181)
        if( Auth::getUser()->isSuperUser() ) {

ERROR: UndefinedInterfaceMethod
at /Users/laszlo/dev/ibn-ixp-manager/app/Http/Controllers/Contact/ContactController.php:538:30
Method Illuminate\Contracts\Auth\Authenticatable::isSuperUser does not exist (see https://psalm.dev/181)
        if( Auth::getUser()->isSuperUser() ){

ERROR: UndefinedInterfaceMethod
at /Users/laszlo/dev/ibn-ixp-manager/app/Http/Controllers/ContentController.php:66:51
Method Illuminate\Contracts\Auth\Authenticatable::privs does not exist (see https://psalm.dev/181)
            if( Auth::guest() || Auth::getUser()->privs() < $priv ) {

ERROR: UndefinedInterfaceMethod
at /Users/laszlo/dev/ibn-ixp-manager/app/Http/Controllers/ContentController.php:106:51
Method Illuminate\Contracts\Auth\Authenticatable::privs does not exist (see https://psalm.dev/181)
            if( Auth::guest() || Auth::getUser()->privs() < $priv ) {

ERROR: UndefinedInterfaceMethod
at /Users/laszlo/dev/ibn-ixp-manager/app/Http/Controllers/Controller.php:124:44
Method Illuminate\Contracts\Auth\Authenticatable::isSuperUser does not exist (see https://psalm.dev/181)
        $isSuperUser    = Auth::getUser()->isSuperUser();

ERROR: InvalidArgument
at /Users/laszlo/dev/ibn-ixp-manager/app/Http/Controllers/Customer/CustomerController.php:489:85
Argument 2 of IXP\Models\Aggregators\CustomerAggregator::getPeeringManagerArrayByType expects array<array-key, IXP\Models\Vlan>, but Illuminate\Database\Eloquent\Collection<int, Illuminate\Database\Eloquent\Model> provided (see https://psalm.dev/004)
                'peers' => CustomerAggregator::getPeeringManagerArrayByType( $cust, Vlan::peeringManager()->orderBy( 'number' )->get(), [ 4,6 ] ) ?: false

ERROR: UndefinedInterfaceMethod
at /Users/laszlo/dev/ibn-ixp-manager/app/Http/Controllers/Customer/CustomerNotesController.php:70:26
Method Illuminate\Contracts\Auth\Authenticatable::save does not exist (see https://psalm.dev/181)
        Auth::getUser()->save();

ERROR: EmptyArrayAccess
at /Users/laszlo/dev/ibn-ixp-manager/app/Http/Controllers/Customer/CustomerNotesController.php:96:58
Cannot access value on empty array variable $lastRead (see https://psalm.dev/100)
                && ( !isset( $lastRead[ $c['cid'] ] ) || $lastRead[ $c[ 'cid' ] ] < $c['latest'] ) ) {

ERROR: UndefinedInterfaceMethod
at /Users/laszlo/dev/ibn-ixp-manager/app/Http/Controllers/Customer/LogoController.php:148:43
Method Illuminate\Contracts\Auth\Authenticatable::isSuperUser does not exist (see https://psalm.dev/181)
        return redirect( Auth::getUser()->isSuperUser() ? route( "customer@overview" , [ 'cust' => $c->id ] ) : route( "dashboard@index" ) );

ERROR: UndefinedInterfaceMethod
at /Users/laszlo/dev/ibn-ixp-manager/app/Http/Controllers/Customer/LogoController.php:176:43
Method Illuminate\Contracts\Auth\Authenticatable::isSuperUser does not exist (see https://psalm.dev/181)
        return redirect( Auth::getUser()->isSuperUser() ? route( 'customer@overview', [ 'cust' => $c->id ] ) : route( 'dashboard@index' ) );

ERROR: UndefinedInterfaceMethod
at /Users/laszlo/dev/ibn-ixp-manager/app/Http/Controllers/Customer/LogoController.php:188:30
Method Illuminate\Contracts\Auth\Authenticatable::isSuperUser does not exist (see https://psalm.dev/181)
        if( Auth::getUser()->isSuperUser() ) {

ERROR: UndefinedInterfaceMethod
at /Users/laszlo/dev/ibn-ixp-manager/app/Http/Controllers/DashboardController.php:81:30
Method Illuminate\Contracts\Auth\Authenticatable::isSuperUser does not exist (see https://psalm.dev/181)
        if( Auth::getUser()->isSuperUser() ) {

ERROR: UndefinedInterfaceMethod
at /Users/laszlo/dev/ibn-ixp-manager/app/Http/Controllers/Docstore/DirectoryController.php:76:83
Method Illuminate\Contracts\Auth\Authenticatable::privs does not exist (see https://psalm.dev/181)
        $dirs   = DocstoreDirectory::getHierarchyForUserClass( optional( $user )->privs() ?? 0 )[ $dir->id ?? '' ] ?? [];

ERROR: UndefinedInterfaceMethod
at /Users/laszlo/dev/ibn-ixp-manager/app/Http/Controllers/Docstore/FileController.php:254:50
Method Illuminate\Contracts\Filesystem\Filesystem::download does not exist (see https://psalm.dev/181)
            return Storage::disk( $file->disk )->download( $file->path, $file->name );

ERROR: UndefinedInterfaceMethod
at /Users/laszlo/dev/ibn-ixp-manager/app/Http/Controllers/DocstoreCustomer/FileController.php:109:50
Method Illuminate\Contracts\Filesystem\Filesystem::download does not exist (see https://psalm.dev/181)
            return Storage::disk( $file->disk )->download( $file->path, $file->name );

ERROR: UndefinedInterfaceMethod
at /Users/laszlo/dev/ibn-ixp-manager/app/Http/Controllers/FilteredPrefixesController.php:63:57
Method Illuminate\Contracts\Auth\Authenticatable::isSuperUser does not exist (see https://psalm.dev/181)
        if( $r->reset_cache === "1" && Auth::getUser()->isSuperUser() ) {

ERROR: InvalidPropertyFetch
at /Users/laszlo/dev/ibn-ixp-manager/app/Http/Controllers/Interfaces/Common.php:152:44
Cannot fetch property on non-object $relatedInterface of type true (see https://psalm.dev/029)
        if( $relatedInterface !== false && $relatedInterface->id !== $fnpi->id ) {

ERROR: InvalidPropertyFetch
at /Users/laszlo/dev/ibn-ixp-manager/app/Http/Controllers/Interfaces/Common.php:155:45
Cannot fetch property on non-object $relatedInterface of type true (see https://psalm.dev/029)
                $fnpi->virtualinterfaceid = $relatedInterface->virtualinterfaceid;

ERROR: InvalidPropertyFetch
at /Users/laszlo/dev/ibn-ixp-manager/app/Http/Controllers/Interfaces/CoreBundleController.php:145:40
Cannot fetch property on non-object $customer of type true (see https://psalm.dev/029)
        $customerId = !$customer ? 0 : $customer->id;

ERROR: InvalidPropertyFetch
at /Users/laszlo/dev/ibn-ixp-manager/app/Http/Controllers/Interfaces/CoreBundleController.php:162:41
Cannot fetch property on non-object $switchSideA of type true (see https://psalm.dev/029)
        $switchSideAId = $switchSideA ? $switchSideA->id : null;

ERROR: InvalidPropertyFetch
at /Users/laszlo/dev/ibn-ixp-manager/app/Http/Controllers/Interfaces/CoreBundleController.php:164:41
Cannot fetch property on non-object $switchSideB of type true (see https://psalm.dev/029)
        $switchSideBId = $switchSideB ? $switchSideB->id : null;

ERROR: InvalidPropertyFetch
at /Users/laszlo/dev/ibn-ixp-manager/app/Http/Controllers/Interfaces/PhysicalInterfaceController.php:346:36
Cannot fetch property on non-object $piB of type true (see https://psalm.dev/029)
        $data['switch-port-b']   = $piB->switchportid;

ERROR: InvalidPropertyFetch
at /Users/laszlo/dev/ibn-ixp-manager/app/Http/Controllers/Interfaces/PhysicalInterfaceController.php:349:36
Cannot fetch property on non-object $piB of type true (see https://psalm.dev/029)
        $data['duplex-b']        = $piB->duplex;

ERROR: InvalidPropertyFetch
at /Users/laszlo/dev/ibn-ixp-manager/app/Http/Controllers/Interfaces/PhysicalInterfaceController.php:350:36
Cannot fetch property on non-object $piB of type true (see https://psalm.dev/029)
        $data['autoneg-label-b'] = $piB->autoneg ? 1 : 0;

ERROR: InvalidPropertyFetch
at /Users/laszlo/dev/ibn-ixp-manager/app/Http/Controllers/Interfaces/PhysicalInterfaceController.php:351:36
Cannot fetch property on non-object $piB of type true (see https://psalm.dev/029)
        $data['notes-b']         = $piB->notes ?? '';

ERROR: UndefinedInterfaceMethod
at /Users/laszlo/dev/ibn-ixp-manager/app/Http/Controllers/IrrdbController.php:67:58
Method Illuminate\Contracts\Auth\Authenticatable::isSuperUser does not exist (see https://psalm.dev/181)
        if( $r->reset_cache === "1"  && Auth::getUser()->isSuperUser() ) {

ERROR: UndefinedInterfaceMethod
at /Users/laszlo/dev/ibn-ixp-manager/app/Http/Controllers/IrrdbController.php:94:57
Method Illuminate\Contracts\Auth\Authenticatable::isSuperUser does not exist (see https://psalm.dev/181)
        if( $r->reset_cache === "1" && Auth::getUser()->isSuperUser() ) {

ERROR: UndefinedInterfaceMethod
at /Users/laszlo/dev/ibn-ixp-manager/app/Http/Controllers/Layer2AddressController.php:109:54
Method Illuminate\Contracts\Auth\Authenticatable::privs does not exist (see https://psalm.dev/181)
            switch( Auth::check() ? Auth::getUser()->privs() : User::AUTH_PUBLIC ) {

ERROR: UndefinedInterfaceMethod
at /Users/laszlo/dev/ibn-ixp-manager/app/Http/Controllers/Layer2AddressController.php:192:30
Method Illuminate\Contracts\Auth\Authenticatable::isSuperUser does not exist (see https://psalm.dev/181)
        if( Auth::getUser()->isSuperUser() ) {

ERROR: UndefinedInterfaceMethod
at /Users/laszlo/dev/ibn-ixp-manager/app/Http/Controllers/LoginHistoryController.php:98:54
Method Illuminate\Contracts\Auth\Authenticatable::privs does not exist (see https://psalm.dev/181)
            switch( Auth::check() ? Auth::getUser()->privs() : User::AUTH_PUBLIC ) {

ERROR: UndefinedInterfaceMethod
at /Users/laszlo/dev/ibn-ixp-manager/app/Http/Controllers/PatchPanel/Port/PortController.php:375:31
Method Illuminate\Contracts\Auth\Authenticatable::isSuperUser does not exist (see https://psalm.dev/181)
        if( !Auth::getUser()->isSuperUser() ) {

ERROR: InvalidArgument
at /Users/laszlo/dev/ibn-ixp-manager/app/Http/Controllers/PeeringManagerController.php:88:74
Argument 2 of IXP\Models\Aggregators\CustomerAggregator::getPeeringManagerArrayByType expects array<array-key, IXP\Models\Vlan>, but Illuminate\Database\Eloquent\Collection<int, Illuminate\Database\Eloquent\Model> provided (see https://psalm.dev/004)
        $peers  = CustomerAggregator::getPeeringManagerArrayByType( $c , $vlans, $protos ) ?? [];

ERROR: UndefinedInterfaceMethod
at /Users/laszlo/dev/ibn-ixp-manager/app/Http/Controllers/PeeringMatrixController.php:142:47
Method Illuminate\Contracts\Auth\Authenticatable::isSuperUser does not exist (see https://psalm.dev/181)
        if( Auth::check() && Auth::getUser()->isSuperUser() ){

ERROR: UndefinedInterfaceMethod
at /Users/laszlo/dev/ibn-ixp-manager/app/Http/Controllers/ProfileController.php:175:16
Method Illuminate\Contracts\Auth\Authenticatable::save does not exist (see https://psalm.dev/181)
        $user->save();

ERROR: UndefinedInterfaceMethod
at /Users/laszlo/dev/ibn-ixp-manager/app/Http/Controllers/ProfileController.php:203:20
Method Illuminate\Contracts\Auth\Authenticatable::save does not exist (see https://psalm.dev/181)
            $user->save();

ERROR: ParamNameMismatch
at /Users/laszlo/dev/ibn-ixp-manager/app/Http/Controllers/RipeAtlas/RunController.php:232:38
Argument 1 of IXP\Http\Controllers\RipeAtlas\RunController::doStore has wrong name $request, expecting $r as defined by IXP\Utils\Http\Controllers\Frontend\EloquentController::doStore (see https://psalm.dev/230)
    public function doStore( Request $request ): bool|RedirectResponse

ERROR: UndefinedPropertyAssignment
at /Users/laszlo/dev/ibn-ixp-manager/app/Http/Controllers/StatisticsController.php:544:9
Instance property Illuminate\Http\Request::$category is not defined (see https://psalm.dev/038)
        $request->category = Graph::processParameterCategory( $request->category, true );

ERROR: UndefinedPropertyAssignment
at /Users/laszlo/dev/ibn-ixp-manager/app/Http/Controllers/StatisticsController.php:545:9
Instance property Illuminate\Http\Request::$period is not defined (see https://psalm.dev/038)
        $request->period   = Graph::processParameterPeriod( $request->period );

ERROR: UndefinedPropertyAssignment
at /Users/laszlo/dev/ibn-ixp-manager/app/Http/Controllers/StatisticsController.php:546:9
Instance property Illuminate\Http\Request::$protocol is not defined (see https://psalm.dev/038)
        $request->protocol = Graph::processParameterRealProtocol( $request->protocol );

ERROR: UndefinedInterfaceMethod
at /Users/laszlo/dev/ibn-ixp-manager/app/Http/Controllers/StatisticsController.php:725:93
Method Illuminate\Contracts\Auth\Authenticatable::isSuperUser does not exist (see https://psalm.dev/181)
            "categories"            => Auth::check() && Auth::getUser() && Auth::getUser()->isSuperUser() ? Graph::CATEGORY_DESCS : Graph::CATEGORIES_BITS_PKTS_DESCS,

ERROR: UndefinedInterfaceMethod
at /Users/laszlo/dev/ibn-ixp-manager/app/Http/Controllers/Switches/SwitchController.php:175:54
Method Illuminate\Contracts\Auth\Authenticatable::privs does not exist (see https://psalm.dev/181)
            switch( Auth::check() ? Auth::getUser()->privs() : User::AUTH_PUBLIC ) {

ERROR: UndefinedInterfaceMethod
at /Users/laszlo/dev/ibn-ixp-manager/app/Http/Controllers/User/CustomerToUserController.php:79:30
Method Illuminate\Contracts\Auth\Authenticatable::isCustUser does not exist (see https://psalm.dev/181)
        if( Auth::getUser()->isCustUser() ){

ERROR: UndefinedInterfaceMethod
at /Users/laszlo/dev/ibn-ixp-manager/app/Http/Controllers/User/CustomerToUserController.php:151:32
Method Illuminate\Contracts\Auth\Authenticatable::isSuperUser does not exist (see https://psalm.dev/181)
            if( !Auth::user()->isSuperUser() ) {

ERROR: UndefinedInterfaceMethod
at /Users/laszlo/dev/ibn-ixp-manager/app/Http/Controllers/User/User2FAController.php:79:20
Method Illuminate\Contracts\Auth\Authenticatable::refresh does not exist (see https://psalm.dev/181)
            $user->refresh();

ERROR: UndefinedInterfaceMethod
at /Users/laszlo/dev/ibn-ixp-manager/app/Http/Controllers/User/UserController.php:262:49
Method Illuminate\Contracts\Auth\Authenticatable::isSuperUser does not exist (see https://psalm.dev/181)
        $user->custid           = Auth::user()->isSuperUser() ? $r->custid : Auth::user()->custid;

ERROR: UndefinedInterfaceMethod
at /Users/laszlo/dev/ibn-ixp-manager/app/Http/Controllers/User/UserController.php:302:38
Method Illuminate\Contracts\Auth\Authenticatable::isSuperUser does not exist (see https://psalm.dev/181)
        $isSuperUser = Auth::user()->isSuperUser();

ERROR: UndefinedInterfaceMethod
at /Users/laszlo/dev/ibn-ixp-manager/app/Http/Controllers/User/UserController.php:356:44
Method Illuminate\Contracts\Auth\Authenticatable::isSuperUser does not exist (see https://psalm.dev/181)
        if( ( $isSuperUser = Auth::user()->isSuperUser() ) || $u->id === Auth::id() ) {

ERROR: UndefinedInterfaceMethod
at /Users/laszlo/dev/ibn-ixp-manager/app/Http/Controllers/User/UserController.php:395:27
Method Illuminate\Contracts\Auth\Authenticatable::isSuperUser does not exist (see https://psalm.dev/181)
        if( Auth::user()->isSuperUser() ) {

ERROR: UndefinedInterfaceMethod
at /Users/laszlo/dev/ibn-ixp-manager/app/Http/Controllers/User/UserController.php:404:27
Method Illuminate\Contracts\Auth\Authenticatable::isCustUser does not exist (see https://psalm.dev/181)
        if( Auth::user()->isCustUser() ) {

ERROR: UndefinedInterfaceMethod
at /Users/laszlo/dev/ibn-ixp-manager/app/Http/Controllers/User/UserController.php:477:27
Method Illuminate\Contracts\Auth\Authenticatable::isSuperUser does not exist (see https://psalm.dev/181)
        if( Auth::user()->isSuperUser() && strpos( request()->headers->get('referer', "" ), "customer/overview" ) ) {

ERROR: UndefinedInterfaceMethod
at /Users/laszlo/dev/ibn-ixp-manager/app/Http/Controllers/User/UserController.php:496:27
Method Illuminate\Contracts\Auth\Authenticatable::isSuperUser does not exist (see https://psalm.dev/181)
        if( Auth::user()->isSuperUser() && strpos( request()->headers->get('referer', "" ), "customer/overview" ) ) {

ERROR: UndefinedInterfaceMethod
at /Users/laszlo/dev/ibn-ixp-manager/app/Http/Middleware/ApiAuthenticate.php:106:32
Method Illuminate\Contracts\Auth\Authenticatable::customer does not exist (see https://psalm.dev/181)
        }elseif( Auth::user()->customer()->active()->notDeleted()->doesntExist() ){// Check if default customer is disabled

ERROR: UndefinedInterfaceMethod
at /Users/laszlo/dev/ibn-ixp-manager/app/Http/Middleware/ApiMaybeAuthenticate.php:106:44
Method Illuminate\Contracts\Auth\Authenticatable::customer does not exist (see https://psalm.dev/181)
        if( Auth::check() && Auth::user()->customer()->active()->notDeleted()->doesntExist() ){

ERROR: UndefinedInterfaceMethod
at /Users/laszlo/dev/ibn-ixp-manager/app/Http/Middleware/AssertUserPrivilege.php:54:30
Method Illuminate\Contracts\Auth\Authenticatable::privs does not exist (see https://psalm.dev/181)
        if( Auth::getUser()->privs() !== $privilege ) {

ERROR: UndefinedInterfaceMethod
at /Users/laszlo/dev/ibn-ixp-manager/app/Http/Middleware/Authenticate.php:97:30
Method Illuminate\Contracts\Auth\Authenticatable::customer does not exist (see https://psalm.dev/181)
        if( Auth::getUser()->customer()->active()->notDeleted()->doesntExist() ){

ERROR: UndefinedInterfaceMethod
at /Users/laszlo/dev/ibn-ixp-manager/app/Http/Middleware/Eloquent2Frontend.php:64:55
Method Illuminate\Contracts\Auth\Authenticatable::privs does not exist (see https://psalm.dev/181)
        $user_priv = Auth::check() ? Auth::getUser()->privs() : User::AUTH_PUBLIC;

ERROR: InvalidPropertyFetch
at /Users/laszlo/dev/ibn-ixp-manager/app/Http/Middleware/Eloquent2Frontend.php:67:26
Cannot fetch property on non-object $__fake_var_2057 of type string (see https://psalm.dev/029)
        if( $user_priv < $controller::$minimum_privilege ) {

ERROR: UndefinedInterfaceMethod
at /Users/laszlo/dev/ibn-ixp-manager/app/Http/Middleware/RsPrefixes.php:69:91
Method Illuminate\Contracts\Auth\Authenticatable::privs does not exist (see https://psalm.dev/181)
            if( Auth::guest() || config( 'ixp_fe.rs-prefixes.access' ) > Auth::getUser()->privs() ) {

ERROR: UndefinedInterfaceMethod
at /Users/laszlo/dev/ibn-ixp-manager/app/Http/Middleware/RsPrefixes.php:79:84
Method Illuminate\Contracts\Auth\Authenticatable::privs does not exist (see https://psalm.dev/181)
                if( (int)config( 'ixp_fe.rs-prefixes.access' ) <= Auth::getUser()->privs() ) {

ERROR: UndefinedPropertyAssignment
at /Users/laszlo/dev/ibn-ixp-manager/app/Http/Middleware/Services/Grapher.php:107:9
Instance property Illuminate\Http\Request::$period is not defined (see https://psalm.dev/038)
        $request->period   = Graph::processParameterPeriod(   $request->period );

ERROR: UndefinedPropertyAssignment
at /Users/laszlo/dev/ibn-ixp-manager/app/Http/Middleware/Services/Grapher.php:108:9
Instance property Illuminate\Http\Request::$category is not defined (see https://psalm.dev/038)
        $request->category = Graph::processParameterCategory( $request->category );

ERROR: UndefinedPropertyAssignment
at /Users/laszlo/dev/ibn-ixp-manager/app/Http/Middleware/Services/Grapher.php:109:9
Instance property Illuminate\Http\Request::$protocol is not defined (see https://psalm.dev/038)
        $request->protocol = Graph::processParameterProtocol( $request->protocol );

ERROR: UndefinedPropertyAssignment
at /Users/laszlo/dev/ibn-ixp-manager/app/Http/Middleware/Services/Grapher.php:110:9
Instance property Illuminate\Http\Request::$type is not defined (see https://psalm.dev/038)
        $request->type     = Graph::processParameterType(     $request->type );

ERROR: UndefinedPropertyAssignment
at /Users/laszlo/dev/ibn-ixp-manager/app/Http/Middleware/Services/Grapher.php:114:17
Instance property Illuminate\Http\Request::$id is not defined (see https://psalm.dev/038)
                $request->id = 1;

ERROR: UndefinedPropertyAssignment
at /Users/laszlo/dev/ibn-ixp-manager/app/Http/Middleware/Services/Grapher.php:120:17
Instance property Illuminate\Http\Request::$infrastructure is not defined (see https://psalm.dev/038)
                $request->infrastructure = $infra->id;

ERROR: UndefinedPropertyAssignment
at /Users/laszlo/dev/ibn-ixp-manager/app/Http/Middleware/Services/Grapher.php:126:17
Instance property Illuminate\Http\Request::$vlan is not defined (see https://psalm.dev/038)
                $request->vlan = $vlan->id;

ERROR: UndefinedPropertyAssignment
at /Users/laszlo/dev/ibn-ixp-manager/app/Http/Middleware/Services/Grapher.php:132:17
Instance property Illuminate\Http\Request::$trunkname is not defined (see https://psalm.dev/038)
                $request->trunkname = $trunkname;

ERROR: UndefinedPropertyAssignment
at /Users/laszlo/dev/ibn-ixp-manager/app/Http/Middleware/Services/Grapher.php:139:17
Instance property Illuminate\Http\Request::$corebundle is not defined (see https://psalm.dev/038)
                $request->corebundle = $corebundle->id;

ERROR: UndefinedPropertyAssignment
at /Users/laszlo/dev/ibn-ixp-manager/app/Http/Middleware/Services/Grapher.php:140:17
Instance property Illuminate\Http\Request::$side is not defined (see https://psalm.dev/038)
                $request->side       = $side;

ERROR: UndefinedPropertyAssignment
at /Users/laszlo/dev/ibn-ixp-manager/app/Http/Middleware/Services/Grapher.php:146:17
Instance property Illuminate\Http\Request::$location is not defined (see https://psalm.dev/038)
                $request->location = $location->id;

ERROR: UndefinedPropertyAssignment
at /Users/laszlo/dev/ibn-ixp-manager/app/Http/Middleware/Services/Grapher.php:152:17
Instance property Illuminate\Http\Request::$switch is not defined (see https://psalm.dev/038)
                $request->switch = $switch->id;

ERROR: UndefinedPropertyAssignment
at /Users/laszlo/dev/ibn-ixp-manager/app/Http/Middleware/Services/Grapher.php:158:17
Instance property Illuminate\Http\Request::$physint is not defined (see https://psalm.dev/038)
                $request->physint = $physint->id;

ERROR: UndefinedPropertyAssignment
at /Users/laszlo/dev/ibn-ixp-manager/app/Http/Middleware/Services/Grapher.php:164:17
Instance property Illuminate\Http\Request::$virtint is not defined (see https://psalm.dev/038)
                $request->virtint = $virtint->id;

ERROR: UndefinedPropertyAssignment
at /Users/laszlo/dev/ibn-ixp-manager/app/Http/Middleware/Services/Grapher.php:170:17
Instance property Illuminate\Http\Request::$customer is not defined (see https://psalm.dev/038)
                $request->customer = $customer->id;

ERROR: UndefinedPropertyAssignment
at /Users/laszlo/dev/ibn-ixp-manager/app/Http/Middleware/Services/Grapher.php:176:17
Instance property Illuminate\Http\Request::$vlanint is not defined (see https://psalm.dev/038)
                $request->vlanint = $vlanint->id;

ERROR: UndefinedPropertyAssignment
at /Users/laszlo/dev/ibn-ixp-manager/app/Http/Middleware/Services/Grapher.php:182:17
Instance property Illuminate\Http\Request::$vli is not defined (see https://psalm.dev/038)
                $request->vli = $vli;

ERROR: UndefinedPropertyAssignment
at /Users/laszlo/dev/ibn-ixp-manager/app/Http/Middleware/Services/Grapher.php:189:17
Instance property Illuminate\Http\Request::$srcvlanint is not defined (see https://psalm.dev/038)
                $request->srcvlanint = $srcvlanint->id;

ERROR: UndefinedPropertyAssignment
at /Users/laszlo/dev/ibn-ixp-manager/app/Http/Middleware/Services/Grapher.php:190:17
Instance property Illuminate\Http\Request::$dstvlanint is not defined (see https://psalm.dev/038)
                $request->dstvlanint = $dstvlanint->id;

ERROR: UndefinedInterfaceMethod
at /Users/laszlo/dev/ibn-ixp-manager/app/Http/Middleware/Services/LookingGlass.php:151:66
Method Illuminate\Contracts\Auth\Authenticatable::privs does not exist (see https://psalm.dev/181)
        if( $router->authorise( Auth::check() ? Auth::getUser()->privs() : User::AUTH_PUBLIC ) ) {

ERROR: InvalidPropertyAssignmentValue
at /Users/laszlo/dev/ibn-ixp-manager/app/Http/Middleware/TrustProxies.php:54:26
$this->headers with declared type 'array<array-key, mixed>' cannot be assigned type '30' (see https://psalm.dev/145)
    protected $headers = Request::HEADER_X_FORWARDED_FOR |
    Request::HEADER_X_FORWARDED_HOST |
    Request::HEADER_X_FORWARDED_PORT |
    Request::HEADER_X_FORWARDED_PROTO |
    Request::HEADER_X_FORWARDED_AWS_ELB;

ERROR: UndefinedInterfaceMethod
at /Users/laszlo/dev/ibn-ixp-manager/app/Http/Requests/CoreBundle/Store.php:62:33
Method Illuminate\Contracts\Auth\Authenticatable::isSuperUser does not exist (see https://psalm.dev/181)
        return Auth::getUser()->isSuperUser();

ERROR: UndefinedInterfaceMethod
at /Users/laszlo/dev/ibn-ixp-manager/app/Http/Requests/CoreBundle/StoreCoreLink.php:50:33
Method Illuminate\Contracts\Auth\Authenticatable::isSuperUser does not exist (see https://psalm.dev/181)
        return Auth::getUser()->isSuperUser();

ERROR: UndefinedInterfaceMethod
at /Users/laszlo/dev/ibn-ixp-manager/app/Http/Requests/Customer/BillingInformation.php:53:33
Method Illuminate\Contracts\Auth\Authenticatable::isSuperUser does not exist (see https://psalm.dev/181)
        return Auth::getUser()->isSuperUser();

ERROR: UndefinedInterfaceMethod
at /Users/laszlo/dev/ibn-ixp-manager/app/Http/Requests/Customer/Store.php:52:33
Method Illuminate\Contracts\Auth\Authenticatable::isSuperUser does not exist (see https://psalm.dev/181)
        return Auth::getUser()->isSuperUser();

ERROR: UndefinedInterfaceMethod
at /Users/laszlo/dev/ibn-ixp-manager/app/Http/Requests/Dashboard/BillingDetailsRequest.php:50:33
Method Illuminate\Contracts\Auth\Authenticatable::isCustAdmin does not exist (see https://psalm.dev/181)
        return Auth::getUser()->isCustAdmin();

ERROR: UndefinedInterfaceMethod
at /Users/laszlo/dev/ibn-ixp-manager/app/Http/Requests/Dashboard/NocDetailsRequest.php:52:33
Method Illuminate\Contracts\Auth\Authenticatable::isCustAdmin does not exist (see https://psalm.dev/181)
        return Auth::getUser()->isCustAdmin();

ERROR: UndefinedInterfaceMethod
at /Users/laszlo/dev/ibn-ixp-manager/app/Http/Requests/EmailPatchPanelPort.php:39:33
Method Illuminate\Contracts\Auth\Authenticatable::isSuperUser does not exist (see https://psalm.dev/181)
        return Auth::getUser()->isSuperUser();

ERROR: UndefinedInterfaceMethod
at /Users/laszlo/dev/ibn-ixp-manager/app/Http/Requests/IpAddress/DeleteByNetwork.php:55:33
Method Illuminate\Contracts\Auth\Authenticatable::isSuperUser does not exist (see https://psalm.dev/181)
        return Auth::getUser()->isSuperUser();

ERROR: UndefinedInterfaceMethod
at /Users/laszlo/dev/ibn-ixp-manager/app/Http/Requests/IpAddress/Store.php:55:33
Method Illuminate\Contracts\Auth\Authenticatable::isSuperUser does not exist (see https://psalm.dev/181)
        return Auth::getUser()->isSuperUser();

ERROR: UndefinedInterfaceMethod
at /Users/laszlo/dev/ibn-ixp-manager/app/Http/Requests/Irrdb.php:53:35
Method Illuminate\Contracts\Auth\Authenticatable::privs does not exist (see https://psalm.dev/181)
        $privs = Auth::getUser()->privs();

ERROR: UndefinedInterfaceMethod
at /Users/laszlo/dev/ibn-ixp-manager/app/Http/Requests/MovePatchPanelPort.php:40:33
Method Illuminate\Contracts\Auth\Authenticatable::isSuperUser does not exist (see https://psalm.dev/181)
        return Auth::getUser()->isSuperUser();

ERROR: UndefinedInterfaceMethod
at /Users/laszlo/dev/ibn-ixp-manager/app/Http/Requests/StorePatchPanel.php:52:33
Method Illuminate\Contracts\Auth\Authenticatable::isSuperUser does not exist (see https://psalm.dev/181)
        return Auth::getUser()->isSuperUser();

ERROR: UndefinedInterfaceMethod
at /Users/laszlo/dev/ibn-ixp-manager/app/Http/Requests/StorePatchPanelPort.php:52:33
Method Illuminate\Contracts\Auth\Authenticatable::isSuperUser does not exist (see https://psalm.dev/181)
        return Auth::getUser()->isSuperUser();

ERROR: UndefinedInterfaceMethod
at /Users/laszlo/dev/ibn-ixp-manager/app/Http/Requests/StorePhysicalInterface.php:52:33
Method Illuminate\Contracts\Auth\Authenticatable::isSuperUser does not exist (see https://psalm.dev/181)
        return Auth::getUser()->isSuperUser();

ERROR: UndefinedInterfaceMethod
at /Users/laszlo/dev/ibn-ixp-manager/app/Http/Requests/StoreRouter.php:55:33
Method Illuminate\Contracts\Auth\Authenticatable::isSuperUser does not exist (see https://psalm.dev/181)
        return Auth::getUser()->isSuperUser();

ERROR: UndefinedInterfaceMethod
at /Users/laszlo/dev/ibn-ixp-manager/app/Http/Requests/StoreSflowReceiver.php:50:33
Method Illuminate\Contracts\Auth\Authenticatable::isSuperUser does not exist (see https://psalm.dev/181)
        return Auth::getUser()->isSuperUser();

ERROR: UndefinedInterfaceMethod
at /Users/laszlo/dev/ibn-ixp-manager/app/Http/Requests/StoreVirtualInterface.php:50:33
Method Illuminate\Contracts\Auth\Authenticatable::isSuperUser does not exist (see https://psalm.dev/181)
        return Auth::getUser()->isSuperUser();

ERROR: UndefinedInterfaceMethod
at /Users/laszlo/dev/ibn-ixp-manager/app/Http/Requests/StoreVirtualInterfaceWizard.php:54:33
Method Illuminate\Contracts\Auth\Authenticatable::isSuperUser does not exist (see https://psalm.dev/181)
        return Auth::getUser()->isSuperUser();

ERROR: UndefinedInterfaceMethod
at /Users/laszlo/dev/ibn-ixp-manager/app/Http/Requests/StoreVlanInterface.php:52:33
Method Illuminate\Contracts\Auth\Authenticatable::isSuperUser does not exist (see https://psalm.dev/181)
        return Auth::getUser()->isSuperUser();

ERROR: UndefinedInterfaceMethod
at /Users/laszlo/dev/ibn-ixp-manager/app/Http/Requests/Switches/Store.php:43:33
Method Illuminate\Contracts\Auth\Authenticatable::isSuperUser does not exist (see https://psalm.dev/181)
        return Auth::getUser()->isSuperUser();

ERROR: UndefinedInterfaceMethod
at /Users/laszlo/dev/ibn-ixp-manager/app/Http/Requests/Switches/StoreBySmtp.php:52:33
Method Illuminate\Contracts\Auth\Authenticatable::isSuperUser does not exist (see https://psalm.dev/181)
        return Auth::getUser()->isSuperUser();

ERROR: UndefinedInterfaceMethod
at /Users/laszlo/dev/ibn-ixp-manager/app/Http/Requests/User/CheckEmail.php:82:32
Method Illuminate\Contracts\Auth\Authenticatable::isSuperUser does not exist (see https://psalm.dev/181)
            if( !Auth::user()->isSuperUser() && User::leftJoin( 'customer_to_users AS c2u', 'c2u.user_id', 'user.id' )

ERROR: UndefinedInterfaceMethod
at /Users/laszlo/dev/ibn-ixp-manager/app/Http/Requests/User/CustomerToUser/Store.php:75:27
Method Illuminate\Contracts\Auth\Authenticatable::isSuperUser does not exist (see https://psalm.dev/181)
        if( Auth::user()->isSuperUser() ) {

ERROR: UndefinedInterfaceMethod
at /Users/laszlo/dev/ibn-ixp-manager/app/Http/Requests/User/CustomerToUser/Store.php:95:41
Method Illuminate\Contracts\Auth\Authenticatable::isSuperUser does not exist (see https://psalm.dev/181)
            $this->cust = Auth::user()->isSuperUser() ? Customer::find( $this->customer_id ) : Auth::user()->customer;

ERROR: UndefinedInterfaceMethod
at /Users/laszlo/dev/ibn-ixp-manager/app/Http/Requests/User/Delete.php:85:55
Method Illuminate\Contracts\Auth\Authenticatable::isSuperUser does not exist (see https://psalm.dev/181)
        if( !$validator->fails() && !Auth::getUser()->isSuperUser() ) {

ERROR: UndefinedInterfaceMethod
at /Users/laszlo/dev/ibn-ixp-manager/app/Http/Requests/User/Store.php:88:49
Method Illuminate\Contracts\Auth\Authenticatable::isSuperUser does not exist (see https://psalm.dev/181)
                $isSuperUser = Auth::getUser()->isSuperUser();

ERROR: UndefinedInterfaceMethod
at /Users/laszlo/dev/ibn-ixp-manager/app/Http/Requests/User/Update.php:72:27
Method Illuminate\Contracts\Auth\Authenticatable::isSuperUser does not exist (see https://psalm.dev/181)
        if( Auth::user()->isSuperUser() ) {

ERROR: UndefinedInterfaceMethod
at /Users/laszlo/dev/ibn-ixp-manager/app/Http/Requests/User/Update.php:103:38
Method Illuminate\Contracts\Auth\Authenticatable::isSuperUser does not exist (see https://psalm.dev/181)
        $isSuperUser = Auth::user()->isSuperUser();

ERROR: UndefinedInterfaceMethod
at /Users/laszlo/dev/ibn-ixp-manager/app/Listeners/Auth/LoginSuccessful.php:52:78
Method Illuminate\Contracts\Auth\Authenticatable::currentCustomerToUser does not exist (see https://psalm.dev/181)
        if( !session()->exists( "switched_user_from" ) && ( $c2u = $e->user->currentCustomerToUser() ) ) {

ERROR: InvalidArgument
at /Users/laszlo/dev/ibn-ixp-manager/app/Models/Aggregators/SwitcherAggregator.php:134:30
Argument 1 of Illuminate\Database\Eloquent\Builder::where expects Closure(Illuminate\Database\Eloquent\Builder<Illuminate\Database\Eloquent\Model>):Illuminate\Database\Eloquent\Builder<Illuminate\Database\Eloquent\Model>|Closure(Illuminate\Database\Eloquent\Builder<Illuminate\Database\Eloquent\Model>):void|Illuminate\Contracts\Database\Query\Expression|array<array-key, mixed>|string, but pure-Closure(static):void provided (see https://psalm.dev/004)
                    ->where( function($query ) use ($speed) {
                        $query->where( 'pi.speed', $speed )
                            ->orWhere( 'pi.rate_limit', $speed );
                    });

ERROR: InvalidArgument
at /Users/laszlo/dev/ibn-ixp-manager/app/Models/Aggregators/SwitcherAggregator.php:199:35
Argument 1 of Illuminate\Database\Eloquent\Builder::where expects Closure(Illuminate\Database\Eloquent\Builder<Illuminate\Database\Eloquent\Model>):Illuminate\Database\Eloquent\Builder<Illuminate\Database\Eloquent\Model>|Closure(Illuminate\Database\Eloquent\Builder<Illuminate\Database\Eloquent\Model>):void|Illuminate\Contracts\Database\Query\Expression|array<array-key, mixed>|string, but pure-Closure(static):void provided (see https://psalm.dev/004)
                return $q->where( function($query ) use ($speed) {
                    $query->where( 'pi.speed', $speed )
                        ->orWhere( 'pi.rate_limit', $speed );
                } );

ERROR: InvalidArgument
at /Users/laszlo/dev/ibn-ixp-manager/app/Models/Aggregators/SwitcherAggregator.php:311:22
Argument 1 of Illuminate\Database\Eloquent\Builder::where expects Closure(Illuminate\Database\Eloquent\Builder<Illuminate\Database\Eloquent\Model>):Illuminate\Database\Eloquent\Builder<Illuminate\Database\Eloquent\Model>|Closure(Illuminate\Database\Eloquent\Builder<Illuminate\Database\Eloquent\Model>):void|Illuminate\Contracts\Database\Query\Expression|array<array-key, mixed>|string, but impure-Closure(static):void provided (see https://psalm.dev/004)
            ->where( function ($query) use( $switch ) {
                $query->where( 'sA.id', $switch->id )
                    ->orWhere( 'sB.id', $switch->id );
            })

ERROR: InvalidReturnType
at /Users/laszlo/dev/ibn-ixp-manager/app/Models/Contact.php:130:38
The declared return type 'Illuminate\Database\Eloquent\Relations\BelongsToMany' for IXP\Models\Contact::contactGroups is incorrect, got 'Illuminate\Database\Eloquent\Builder<TRelatedModel:Illuminate\Database\Eloquent\Relations\BelongsToMany as Illuminate\Database\Eloquent\Model>&static' (see https://psalm.dev/011)
    public function contactGroups(): BelongsToMany

ERROR: InvalidReturnStatement
at /Users/laszlo/dev/ibn-ixp-manager/app/Models/Contact.php:132:16
The inferred type 'Illuminate\Database\Eloquent\Builder<TRelatedModel:Illuminate\Database\Eloquent\Relations\BelongsToMany as Illuminate\Database\Eloquent\Model>&static' does not match the declared return type 'Illuminate\Database\Eloquent\Relations\BelongsToMany' for IXP\Models\Contact::contactGroups (see https://psalm.dev/128)
        return $this->belongsToMany(ContactGroup::class, 'contact_to_group', 'contact_id' )
            ->where( 'type', '!=', ContactGroup::TYPE_ROLE )
            ->orderBy( 'name' );

ERROR: UndefinedInterfaceMethod
at /Users/laszlo/dev/ibn-ixp-manager/app/Models/DocstoreCustomerDirectory.php:125:41
Method Illuminate\Contracts\Auth\Authenticatable::isSuperUser does not exist (see https://psalm.dev/181)
            } elseif( !Auth::getUser()->isSuperUser() ) {

ERROR: UndefinedInterfaceMethod
at /Users/laszlo/dev/ibn-ixp-manager/app/Models/DocstoreCustomerFile.php:135:41
Method Illuminate\Contracts\Auth\Authenticatable::isSuperUser does not exist (see https://psalm.dev/181)
            } elseif( !Auth::getUser()->isSuperUser() ) {

ERROR: UndefinedInterfaceMethod
at /Users/laszlo/dev/ibn-ixp-manager/app/Models/DocstoreCustomerFile.php:137:69
Method Illuminate\Contracts\Auth\Authenticatable::privs does not exist (see https://psalm.dev/181)
                $builder->where('min_privs', '<=', Auth::getUser()->privs() );

ERROR: InvalidReturnType
at /Users/laszlo/dev/ibn-ixp-manager/app/Models/PatchPanelPort.php:345:50
The declared return type 'Illuminate\Database\Eloquent\Relations\HasMany' for IXP\Models\PatchPanelPort::patchPanelPortFilesPublic is incorrect, got 'Illuminate\Database\Eloquent\Builder<TRelatedModel:Illuminate\Database\Eloquent\Relations\HasMany as Illuminate\Database\Eloquent\Model>' (see https://psalm.dev/011)
    public function patchPanelPortFilesPublic(): HasMany

ERROR: InvalidReturnStatement
at /Users/laszlo/dev/ibn-ixp-manager/app/Models/PatchPanelPort.php:347:16
The inferred type 'Illuminate\Database\Eloquent\Builder<TRelatedModel:Illuminate\Database\Eloquent\Relations\HasMany as Illuminate\Database\Eloquent\Model>' does not match the declared return type 'Illuminate\Database\Eloquent\Relations\HasMany' for IXP\Models\PatchPanelPort::patchPanelPortFilesPublic (see https://psalm.dev/128)
        return $this->hasMany(PatchPanelPortFile::class, 'patch_panel_port_id' )
            ->where( 'is_private', 0 );

ERROR: UndefinedInterfaceMethod
at /Users/laszlo/dev/ibn-ixp-manager/app/Providers/HorizonServiceProvider.php:69:54
Method Illuminate\Contracts\Auth\Authenticatable::isSuperUser does not exist (see https://psalm.dev/181)
            return Auth::check() && Auth::getUser()->isSuperUser();

ERROR: UndefinedInterfaceMethod
at /Users/laszlo/dev/ibn-ixp-manager/app/Providers/IxpServiceProvider.php:59:57
Method Illuminate\Contracts\Auth\Authenticatable::isSuperUser does not exist (see https://psalm.dev/181)
                if( ( Auth::check() && Auth::getUser()->isSuperUser() ) || env( 'IXP_PHPUNIT_RUNNING', false ) ) {

ERROR: UndefinedInterfaceMethod
at /Users/laszlo/dev/ibn-ixp-manager/app/Providers/ParsedownServiceProvider.php:44:15
Method Illuminate\Contracts\View\Engine::getCompiler does not exist (see https://psalm.dev/181)
            ->getCompiler();

ERROR: UndefinedInterfaceMethod
at /Users/laszlo/dev/ibn-ixp-manager/app/Providers/TelescopeServiceProvider.php:55:29
Method Illuminate\Contracts\Foundation\Application::isLocal does not exist (see https://psalm.dev/181)
            if ($this->app->isLocal()) {

ERROR: UndefinedInterfaceMethod
at /Users/laszlo/dev/ibn-ixp-manager/app/Providers/TelescopeServiceProvider.php:73:25
Method Illuminate\Contracts\Foundation\Application::isLocal does not exist (see https://psalm.dev/181)
        if( $this->app->isLocal() ) {

ERROR: UndefinedInterfaceMethod
at /Users/laszlo/dev/ibn-ixp-manager/app/Services/Auth/SessionGuard.php:156:57
Method Illuminate\Contracts\Auth\UserProvider::addRememberToken does not exist (see https://psalm.dev/181)
            $this->userRememberToken = $this->provider->addRememberToken($user);

ERROR: UndefinedInterfaceMethod
at /Users/laszlo/dev/ibn-ixp-manager/app/Services/Auth/SessionGuard.php:157:30
Method Illuminate\Contracts\Auth\UserProvider::purgeExpiredRememberTokens does not exist (see https://psalm.dev/181)
            $this->provider->purgeExpiredRememberTokens( $user );

ERROR: UndefinedInterfaceMethod
at /Users/laszlo/dev/ibn-ixp-manager/app/Services/Grapher/Graph/CoreBundle.php:164:47
Method Illuminate\Contracts\Auth\Authenticatable::isSuperUser does not exist (see https://psalm.dev/181)
        if( Auth::check() && Auth::getUser()->isSuperUser() ) {

ERROR: UndefinedInterfaceMethod
at /Users/laszlo/dev/ibn-ixp-manager/app/Services/Grapher/Graph/CoreBundle.php:177:97
Method Illuminate\Contracts\Auth\Authenticatable::privs does not exist (see https://psalm.dev/181)
        if( Auth::check() && is_numeric( config( 'grapher.access.trunk' ) ) && Auth::getUser()->privs() >= config( 'grapher.access.trunk' ) ) {

ERROR: UndefinedInterfaceMethod
at /Users/laszlo/dev/ibn-ixp-manager/app/Services/Grapher/Graph/Customer.php:124:47
Method Illuminate\Contracts\Auth\Authenticatable::isSuperUser does not exist (see https://psalm.dev/181)
        if( Auth::check() && Auth::getUser()->isSuperUser() ) {

ERROR: UndefinedInterfaceMethod
at /Users/laszlo/dev/ibn-ixp-manager/app/Services/Grapher/Graph/Customer.php:132:103
Method Illuminate\Contracts\Auth\Authenticatable::privs does not exist (see https://psalm.dev/181)
        return Auth::check() && is_numeric( config( 'grapher.access.customer' ) ) && Auth::getUser()->privs() >= config( 'grapher.access.customer' );

ERROR: UndefinedInterfaceMethod
at /Users/laszlo/dev/ibn-ixp-manager/app/Services/Grapher/Graph/Customer.php:156:30
Method Illuminate\Contracts\Auth\Authenticatable::isSuperUser does not exist (see https://psalm.dev/181)
        if( Auth::getUser()->isSuperUser() ) {

ERROR: UndefinedInterfaceMethod
at /Users/laszlo/dev/ibn-ixp-manager/app/Services/Grapher/Graph/Customer.php:166:33
Method Illuminate\Contracts\Auth\Authenticatable::privs does not exist (see https://psalm.dev/181)
            && Auth::getUser()->privs() >= config( 'grapher.access.customer' )

ERROR: UndefinedInterfaceMethod
at /Users/laszlo/dev/ibn-ixp-manager/app/Services/Grapher/Graph/Customer.php:220:55
Method Illuminate\Contracts\Auth\Authenticatable::isSuperUser does not exist (see https://psalm.dev/181)
        if( !$i && Auth::check() && !Auth::getUser()->isSuperUser() && !Auth::getUser()->customer->typeAssociate() ) {

ERROR: InvalidReturnType
at /Users/laszlo/dev/ibn-ixp-manager/app/Services/Grapher/Graph/IXP.php:88:16
Not all code paths of IXP\Services\Grapher\Graph\IXP::authorise end in a return statement, return type bool expected (see https://psalm.dev/011)
     * @return bool

ERROR: UndefinedInterfaceMethod
at /Users/laszlo/dev/ibn-ixp-manager/app/Services/Grapher/Graph/IXP.php:92:47
Method Illuminate\Contracts\Auth\Authenticatable::isSuperUser does not exist (see https://psalm.dev/181)
        if( Auth::check() && Auth::getUser()->isSuperUser() ) {

ERROR: UndefinedInterfaceMethod
at /Users/laszlo/dev/ibn-ixp-manager/app/Services/Grapher/Graph/IXP.php:104:95
Method Illuminate\Contracts\Auth\Authenticatable::privs does not exist (see https://psalm.dev/181)
        if( Auth::check() && is_numeric( config( 'grapher.access.ixp' ) ) && Auth::getUser()->privs() >= config( 'grapher.access.ixp' ) ) {

ERROR: UndefinedInterfaceMethod
at /Users/laszlo/dev/ibn-ixp-manager/app/Services/Grapher/Graph/Infrastructure.php:128:47
Method Illuminate\Contracts\Auth\Authenticatable::isSuperUser does not exist (see https://psalm.dev/181)
        if( Auth::check() && Auth::getUser()->isSuperUser() ) {

ERROR: UndefinedInterfaceMethod
at /Users/laszlo/dev/ibn-ixp-manager/app/Services/Grapher/Graph/Infrastructure.php:141:106
Method Illuminate\Contracts\Auth\Authenticatable::privs does not exist (see https://psalm.dev/181)
        if( Auth::check() && is_numeric( config( 'grapher.access.infrastructure' ) ) && Auth::getUser()->privs() >= config( 'grapher.access.infrastructure' ) ) {

ERROR: UndefinedInterfaceMethod
at /Users/laszlo/dev/ibn-ixp-manager/app/Services/Grapher/Graph/Latency.php:204:47
Method Illuminate\Contracts\Auth\Authenticatable::isSuperUser does not exist (see https://psalm.dev/181)
        if( Auth::check() && Auth::getUser()->isSuperUser() ) {

ERROR: UndefinedInterfaceMethod
at /Users/laszlo/dev/ibn-ixp-manager/app/Services/Grapher/Graph/Latency.php:212:102
Method Illuminate\Contracts\Auth\Authenticatable::privs does not exist (see https://psalm.dev/181)
        return Auth::check() && is_numeric( config( 'grapher.access.latency' ) ) && Auth::getUser()->privs() >= config( 'grapher.access.latency' );

ERROR: UndefinedInterfaceMethod
at /Users/laszlo/dev/ibn-ixp-manager/app/Services/Grapher/Graph/Latency.php:236:30
Method Illuminate\Contracts\Auth\Authenticatable::isSuperUser does not exist (see https://psalm.dev/181)
        if( Auth::getUser()->isSuperUser() ) {

ERROR: UndefinedInterfaceMethod
at /Users/laszlo/dev/ibn-ixp-manager/app/Services/Grapher/Graph/Location.php:126:47
Method Illuminate\Contracts\Auth\Authenticatable::isSuperUser does not exist (see https://psalm.dev/181)
        if( Auth::check() && Auth::getUser()->isSuperUser() ) {

ERROR: UndefinedInterfaceMethod
at /Users/laszlo/dev/ibn-ixp-manager/app/Services/Grapher/Graph/Location.php:134:100
Method Illuminate\Contracts\Auth\Authenticatable::privs does not exist (see https://psalm.dev/181)
        if( Auth::check() && is_numeric( config( 'grapher.access.location' ) ) && Auth::getUser()->privs() >= (int)config( 'grapher.access.location' ) ) {

ERROR: UndefinedInterfaceMethod
at /Users/laszlo/dev/ibn-ixp-manager/app/Services/Grapher/Graph/P2p.php:162:47
Method Illuminate\Contracts\Auth\Authenticatable::isSuperUser does not exist (see https://psalm.dev/181)
        if( Auth::check() && Auth::getUser()->isSuperUser() ) {

ERROR: UndefinedInterfaceMethod
at /Users/laszlo/dev/ibn-ixp-manager/app/Services/Grapher/Graph/P2p.php:170:98
Method Illuminate\Contracts\Auth\Authenticatable::privs does not exist (see https://psalm.dev/181)
        return Auth::check() && is_numeric( config( 'grapher.access.p2p' ) ) && Auth::getUser()->privs() >= config( 'grapher.access.p2p' );

ERROR: UndefinedInterfaceMethod
at /Users/laszlo/dev/ibn-ixp-manager/app/Services/Grapher/Graph/P2p.php:194:30
Method Illuminate\Contracts\Auth\Authenticatable::isSuperUser does not exist (see https://psalm.dev/181)
        if( Auth::getUser()->isSuperUser() ) {

ERROR: UndefinedInterfaceMethod
at /Users/laszlo/dev/ibn-ixp-manager/app/Services/Grapher/Graph/P2p.php:204:33
Method Illuminate\Contracts\Auth\Authenticatable::privs does not exist (see https://psalm.dev/181)
            && Auth::getUser()->privs() >= (int)config( 'grapher.access.p2p' )

ERROR: UndefinedInterfaceMethod
at /Users/laszlo/dev/ibn-ixp-manager/app/Services/Grapher/Graph/PhysicalInterface.php:147:30
Method Illuminate\Contracts\Auth\Authenticatable::isSuperUser does not exist (see https://psalm.dev/181)
        if( Auth::getUser()->isSuperUser() ) {

ERROR: UndefinedInterfaceMethod
at /Users/laszlo/dev/ibn-ixp-manager/app/Services/Grapher/Graph/Switcher.php:127:47
Method Illuminate\Contracts\Auth\Authenticatable::isSuperUser does not exist (see https://psalm.dev/181)
        if( Auth::check() && Auth::getUser()->isSuperUser() ) {

ERROR: UndefinedInterfaceMethod
at /Users/laszlo/dev/ibn-ixp-manager/app/Services/Grapher/Graph/Switcher.php:135:98
Method Illuminate\Contracts\Auth\Authenticatable::privs does not exist (see https://psalm.dev/181)
        if( Auth::check() && is_numeric( config( 'grapher.access.switch' ) ) && Auth::getUser()->privs() >= (int)config( 'grapher.access.switch' ) ) {

ERROR: UndefinedInterfaceMethod
at /Users/laszlo/dev/ibn-ixp-manager/app/Services/Grapher/Graph/Trunk.php:129:47
Method Illuminate\Contracts\Auth\Authenticatable::isSuperUser does not exist (see https://psalm.dev/181)
        if( Auth::check() && Auth::getUser()->isSuperUser() ) {

ERROR: UndefinedInterfaceMethod
at /Users/laszlo/dev/ibn-ixp-manager/app/Services/Grapher/Graph/Trunk.php:137:97
Method Illuminate\Contracts\Auth\Authenticatable::privs does not exist (see https://psalm.dev/181)
        if( Auth::check() && is_numeric( config( 'grapher.access.trunk' ) ) && Auth::getUser()->privs() >= config( 'grapher.access.trunk' ) ) {

ERROR: UndefinedInterfaceMethod
at /Users/laszlo/dev/ibn-ixp-manager/app/Services/Grapher/Graph/VirtualInterface.php:147:30
Method Illuminate\Contracts\Auth\Authenticatable::isSuperUser does not exist (see https://psalm.dev/181)
        if( Auth::getUser()->isSuperUser() ) {

ERROR: UndefinedInterfaceMethod
at /Users/laszlo/dev/ibn-ixp-manager/app/Services/Grapher/Graph/VirtualInterface.php:157:33
Method Illuminate\Contracts\Auth\Authenticatable::privs does not exist (see https://psalm.dev/181)
            && Auth::getUser()->privs() >= config( 'grapher.access.customer' )

ERROR: UndefinedInterfaceMethod
at /Users/laszlo/dev/ibn-ixp-manager/app/Services/Grapher/Graph/Vlan.php:128:47
Method Illuminate\Contracts\Auth\Authenticatable::isSuperUser does not exist (see https://psalm.dev/181)
        if( Auth::check() && Auth::getUser()->isSuperUser() ) {

ERROR: UndefinedInterfaceMethod
at /Users/laszlo/dev/ibn-ixp-manager/app/Services/Grapher/Graph/Vlan.php:142:96
Method Illuminate\Contracts\Auth\Authenticatable::privs does not exist (see https://psalm.dev/181)
        if( Auth::check() && is_numeric( config( 'grapher.access.vlan' ) ) && Auth::getUser()->privs() >= config( 'grapher.access.vlan' ) ) {

ERROR: UndefinedInterfaceMethod
at /Users/laszlo/dev/ibn-ixp-manager/app/Services/Grapher/Graph/VlanInterface.php:157:30
Method Illuminate\Contracts\Auth\Authenticatable::isSuperUser does not exist (see https://psalm.dev/181)
        if( Auth::getUser()->isSuperUser() ) {

ERROR: UndefinedInterfaceMethod
at /Users/laszlo/dev/ibn-ixp-manager/app/Services/Grapher/Graph/VlanInterface.php:167:33
Method Illuminate\Contracts\Auth\Authenticatable::privs does not exist (see https://psalm.dev/181)
            && Auth::getUser()->privs() >= config( 'grapher.access.customer' )

ERROR: UndefinedInterfaceMethod
at /Users/laszlo/dev/ibn-ixp-manager/app/Support/helpers.php:84:37
Method Illuminate\Contracts\Auth\Authenticatable::privs does not exist (see https://psalm.dev/181)
            return Auth::getUser()->privs() >= $minAuth;

ERROR: UndefinedThisPropertyFetch
at /Users/laszlo/dev/ibn-ixp-manager/app/Traits/Observable.php:151:48
Instance property IXP\Models\CustomerToCustomerTag::$id is not defined (see https://psalm.dev/041)
        return Log::entries( self::getClass(), $this->id, $user );

ERROR: UndefinedConstant
at /Users/laszlo/dev/ibn-ixp-manager/app/Utils/Export/JsonSchema.php:94:46
Const APPLICATION_VERSION is not defined (see https://psalm.dev/020)
            'generator' => 'IXP Manager v' . APPLICATION_VERSION,

ERROR: UndefinedDocblockClass
at /Users/laszlo/dev/ibn-ixp-manager/app/Utils/Former/Framework/TwitterBootstrap4.php:61:18
Docblock-defined class, interface or enum named Former\Traits\Container does not exist (see https://psalm.dev/200)
        $width = $this->app[ 'former.form' ]->getAttributes()[ 'custom-input-width-class' ] ?? $this->fieldWidth;

ERROR: UndefinedDocblockClass
at /Users/laszlo/dev/ibn-ixp-manager/app/Utils/Former/Framework/TwitterBootstrap4.php:63:13
Docblock-defined class, interface or enum named Former\Traits\Container does not exist (see https://psalm.dev/200)
        if( $this->app[ 'former.form' ]->isOfType( 'horizontal' ) ) {

ERROR: LessSpecificImplementedReturnType
at /Users/laszlo/dev/ibn-ixp-manager/app/Utils/Former/Framework/TwitterBootstrap4.php:72:16
The inherited return type 'array<array-key, string>' for Former\Framework\TwitterBootstrap4::getLabelClasses is more specific than the implemented return type for IXP\Utils\Former\Framework\TwitterBootstrap4::getlabelclasses 'array<array-key, mixed>' (see https://psalm.dev/166)
     * @return array An array of attributes with the label class

ERROR: UndefinedDocblockClass
at /Users/laszlo/dev/ibn-ixp-manager/app/Utils/Former/Framework/TwitterBootstrap4.php:76:18
Docblock-defined class, interface or enum named Former\Traits\Container does not exist (see https://psalm.dev/200)
        $width = $this->app[ 'former.form' ]->getAttributes()[ 'custom-label-width-class' ] ?? $this->labelWidth;

ERROR: UndefinedDocblockClass
at /Users/laszlo/dev/ibn-ixp-manager/app/Utils/Former/Framework/TwitterBootstrap4.php:78:13
Docblock-defined class, interface or enum named Former\Traits\Container does not exist (see https://psalm.dev/200)
        if( $this->app[ 'former.form' ]->isOfType( 'horizontal' ) ) {

ERROR: UndefinedDocblockClass
at /Users/laszlo/dev/ibn-ixp-manager/app/Utils/Former/Framework/TwitterBootstrap4.php:81:14
Docblock-defined class, interface or enum named Former\Traits\Container does not exist (see https://psalm.dev/200)
        if ( $this->app[ 'former.form' ]->isOfType( 'inline' ) ) {

ERROR: UndefinedDocblockClass
at /Users/laszlo/dev/ibn-ixp-manager/app/Utils/Former/Framework/TwitterBootstrap4.php:128:13
Docblock-defined class, interface or enum named Former\Traits\Container does not exist (see https://psalm.dev/200)
        if( $this->app[ 'former.form' ]->isOfType( 'horizontal' ) ){

ERROR: UndefinedDocblockClass
at /Users/laszlo/dev/ibn-ixp-manager/app/Utils/Former/Framework/TwitterBootstrap4.php:132:20
Docblock-defined class, interface or enum named Former\Traits\Container does not exist (see https://psalm.dev/200)
        if( isset( $this->app[ 'former.form' ]->getAttributes()[ 'inputs-position' ] ) ){

ERROR: UndefinedDocblockClass
at /Users/laszlo/dev/ibn-ixp-manager/app/Utils/Former/Framework/TwitterBootstrap4.php:133:25
Docblock-defined class, interface or enum named Former\Traits\Container does not exist (see https://psalm.dev/200)
            $classes .= $this->app['former.form']->getAttributes()[ 'inputs-position' ];

ERROR: UndefinedDocblockClass
at /Users/laszlo/dev/ibn-ixp-manager/app/Utils/Former/Framework/TwitterBootstrap4.php:146:13
Docblock-defined class, interface or enum named Former\Traits\Container does not exist (see https://psalm.dev/200)
        if( $this->app[ 'former.form' ]->isOfType( 'horizontal' ) || $this->app[ 'former.form' ]->isOfType( 'inline' ) ) {

ERROR: UndefinedDocblockClass
at /Users/laszlo/dev/ibn-ixp-manager/app/Utils/Former/Framework/TwitterBootstrap4.php:146:70
Docblock-defined class, interface or enum named Former\Traits\Container does not exist (see https://psalm.dev/200)
        if( $this->app[ 'former.form' ]->isOfType( 'horizontal' ) || $this->app[ 'former.form' ]->isOfType( 'inline' ) ) {

ERROR: UndefinedDocblockClass
at /Users/laszlo/dev/ibn-ixp-manager/app/Utils/Former/Framework/TwitterBootstrap4.php:149:24
Docblock-defined class, interface or enum named Former\Traits\Container does not exist (see https://psalm.dev/200)
            if( isset( $this->app[ 'former.form' ]->getAttributes()[ 'inputs-positions' ] ) ){

ERROR: UndefinedDocblockClass
at /Users/laszlo/dev/ibn-ixp-manager/app/Utils/Former/Framework/TwitterBootstrap4.php:150:29
Docblock-defined class, interface or enum named Former\Traits\Container does not exist (see https://psalm.dev/200)
                $classes .= $this->app[ 'former.form' ]->getAttributes()[ 'inputs-positions' ];

ERROR: UndefinedDocblockClass
at /Users/laszlo/dev/ibn-ixp-manager/app/Utils/Former/Framework/TwitterBootstrap4.php:153:24
Docblock-defined class, interface or enum named Former\Traits\Container does not exist (see https://psalm.dev/200)
            if( isset( $this->app[ 'former.form' ]->getAttributes()[ 'action-buttons-custom-class' ] ) &&  $this->app[ 'former.form' ]->getAttributes()[ 'action-buttons-custom-class' ] === "grey-box" ){

ERROR: UndefinedDocblockClass
at /Users/laszlo/dev/ibn-ixp-manager/app/Utils/Former/Framework/TwitterBootstrap4.php:153:108
Docblock-defined class, interface or enum named Former\Traits\Container does not exist (see https://psalm.dev/200)
            if( isset( $this->app[ 'former.form' ]->getAttributes()[ 'action-buttons-custom-class' ] ) &&  $this->app[ 'former.form' ]->getAttributes()[ 'action-buttons-custom-class' ] === "grey-box" ){

ERROR: UndefinedDocblockClass
at /Users/laszlo/dev/ibn-ixp-manager/app/Utils/Former/Framework/TwitterBootstrap4.php:173:13
Docblock-defined class, interface or enum named Former\Traits\Container does not exist (see https://psalm.dev/200)
        if( $this->app[ 'former.form' ]->isOfType( 'horizontal' ) ) {

ERROR: UndefinedDocblockClass
at /Users/laszlo/dev/ibn-ixp-manager/app/Utils/Former/Framework/TwitterBootstrap4.php:174:22
Docblock-defined class, interface or enum named Former\Traits\Container does not exist (see https://psalm.dev/200)
            $class = $this->app[ 'former.form' ]->getAttributes()[ 'action-buttons-custom-class' ] ?? "";

ERROR: InvalidArgument
at /Users/laszlo/dev/ibn-ixp-manager/app/Utils/MailingList.php:92:39
Argument 1 of Illuminate\Support\Collection::add expects never, but lowercase-string provided (see https://psalm.dev/004)
                $filtered_users->add( $email );

------------------------------
218 errors found
------------------------------
3488 other issues found.
You can display them with --show-info=true
------------------------------
Psalm can automatically fix 68 of these issues.
Run Psalm again with 
--alter --issues=MissingReturnType,InvalidReturnType,MissingClosureReturnType,MismatchingDocblockParamType,MismatchingDocblockReturnType,LessSpecificReturnType,MissingParamType --dry-run
to see what it can fix.
------------------------------

Checks took 17.84 seconds and used 1,554.291MB of memory
Psalm was able to infer types for 80.5999% of the codebase
